{"meta": {"format": 3, "version": "7.14.1", "timestamp": "2026-06-10T13:48:06.503595", "branch_coverage": false, "show_contexts": false}, "files": {"uploads/calculator.py": {"executed_lines": [7, 8, 13, 18, 23, 28, 35, 40, 47, 54, 59, 68, 75, 78, 79, 80, 82, 102, 107], "summary": {"covered_lines": 19, "num_statements": 54, "percent_covered": 35.18518518518518, "percent_covered_display": "35", "missing_lines": 35, "excluded_lines": 0, "percent_statements_covered": 35.18518518518518, "percent_statements_covered_display": "35"}, "missing_lines": [15, 20, 25, 30, 31, 32, 37, 42, 43, 44, 49, 50, 51, 56, 61, 62, 63, 64, 65, 70, 87, 88, 89, 90, 91, 92, 93, 94, 96, 98, 99, 100, 104, 105, 109], "excluded_lines": [], "functions": {"add": {"executed_lines": [], "summary": {"covered_lines": 0, "num_statements": 1, "percent_covered": 0.0, "percent_covered_display": "0", "missing_lines": 1, "excluded_lines": 0, "percent_statements_covered": 0.0, "percent_statements_covered_display": "0"}, "missing_lines": [15], "excluded_lines": [], "start_line": 13}, "subtract": {"executed_lines": [], "summary": {"covered_lines": 0, "num_statements": 1, "percent_covered": 0.0, "percent_covered_display": "0", "missing_lines": 1, "excluded_lines": 0, "percent_statements_covered": 0.0, "percent_statements_covered_display": "0"}, "missing_lines": [20], "excluded_lines": [], "start_line": 18}, "multiply": {"executed_lines": [], "summary": {"covered_lines": 0, "num_statements": 1, "percent_covered": 0.0, "percent_covered_display": "0", "missing_lines": 1, "excluded_lines": 0, "percent_statements_covered": 0.0, "percent_statements_covered_display": "0"}, "missing_lines": [25], "excluded_lines": [], "start_line": 23}, "divide": {"executed_lines": [], "summary": {"covered_lines": 0, "num_statements": 3, "percent_covered": 0.0, "percent_covered_display": "0", "missing_lines": 3, "excluded_lines": 0, "percent_statements_covered": 0.0, "percent_statements_covered_display": "0"}, "missing_lines": [30, 31, 32], "excluded_lines": [], "start_line": 28}, "power": {"executed_lines": [], "summary": {"covered_lines": 0, "num_statements": 1, "percent_covered": 0.0, "percent_covered_display": "0", "missing_lines": 1, "excluded_lines": 0, "percent_statements_covered": 0.0, "percent_statements_covered_display": "0"}, "missing_lines": [37], "excluded_lines": [], "start_line": 35}, "square_root": {"executed_lines": [], "summary": {"covered_lines": 0, "num_statements": 3, "percent_covered": 0.0, "percent_covered_display": "0", "missing_lines": 3, "excluded_lines": 0, "percent_statements_covered": 0.0, "percent_statements_covered_display": "0"}, "missing_lines": [42, 43, 44], "excluded_lines": [], "start_line": 40}, "percentage": {"executed_lines": [], "summary": {"covered_lines": 0, "num_statements": 3, "percent_covered": 0.0, "percent_covered_display": "0", "missing_lines": 3, "excluded_lines": 0, "percent_statements_covered": 0.0, "percent_statements_covered_display": "0"}, "missing_lines": [49, 50, 51], "excluded_lines": [], "start_line": 47}, "is_even": {"executed_lines": [], "summary": {"covered_lines": 0, "num_statements": 1, "percent_covered": 0.0, "percent_covered_display": "0", "missing_lines": 1, "excluded_lines": 0, "percent_statements_covered": 0.0, "percent_statements_covered_display": "0"}, "missing_lines": [56], "excluded_lines": [], "start_line": 54}, "factorial": {"executed_lines": [], "summary": {"covered_lines": 0, "num_statements": 5, "percent_covered": 0.0, "percent_covered_display": "0", "missing_lines": 5, "excluded_lines": 0, "percent_statements_covered": 0.0, "percent_statements_covered_display": "0"}, "missing_lines": [61, 62, 63, 64, 65], "excluded_lines": [], "start_line": 59}, "clamp": {"executed_lines": [], "summary": {"covered_lines": 0, "num_statements": 1, "percent_covered": 0.0, "percent_covered_display": "0", "missing_lines": 1, "excluded_lines": 0, "percent_statements_covered": 0.0, "percent_statements_covered_display": "0"}, "missing_lines": [70], "excluded_lines": [], "start_line": 68}, "Calculator.__init__": {"executed_lines": [79, 80], "summary": {"covered_lines": 2, "num_statements": 2, "percent_covered": 100.0, "percent_covered_display": "100", "missing_lines": 0, "excluded_lines": 0, "percent_statements_covered": 100.0, "percent_statements_covered_display": "100"}, "missing_lines": [], "excluded_lines": [], "start_line": 78}, "Calculator.compute": {"executed_lines": [], "summary": {"covered_lines": 0, "num_statements": 12, "percent_covered": 0.0, "percent_covered_display": "0", "missing_lines": 12, "excluded_lines": 0, "percent_statements_covered": 0.0, "percent_statements_covered_display": "0"}, "missing_lines": [87, 88, 89, 90, 91, 92, 93, 94, 96, 98, 99, 100], "excluded_lines": [], "start_line": 82}, "Calculator.clear_history": {"executed_lines": [], "summary": {"covered_lines": 0, "num_statements": 2, "percent_covered": 0.0, "percent_covered_display": "0", "missing_lines": 2, "excluded_lines": 0, "percent_statements_covered": 0.0, "percent_statements_covered_display": "0"}, "missing_lines": [104, 105], "excluded_lines": [], "start_line": 102}, "Calculator.get_history": {"executed_lines": [], "summary": {"covered_lines": 0, "num_statements": 1, "percent_covered": 0.0, "percent_covered_display": "0", "missing_lines": 1, "excluded_lines": 0, "percent_statements_covered": 0.0, "percent_statements_covered_display": "0"}, "missing_lines": [109], "excluded_lines": [], "start_line": 107}, "": {"executed_lines": [7, 8, 13, 18, 23, 28, 35, 40, 47, 54, 59, 68, 75, 78, 82, 102, 107], "summary": {"covered_lines": 17, "num_statements": 17, "percent_covered": 100.0, "percent_covered_display": "100", "missing_lines": 0, "excluded_lines": 0, "percent_statements_covered": 100.0, "percent_statements_covered_display": "100"}, "missing_lines": [], "excluded_lines": [], "start_line": 1}}, "classes": {"Calculator": {"executed_lines": [79, 80], "summary": {"covered_lines": 2, "num_statements": 17, "percent_covered": 11.764705882352942, "percent_covered_display": "12", "missing_lines": 15, "excluded_lines": 0, "percent_statements_covered": 11.764705882352942, "percent_statements_covered_display": "12"}, "missing_lines": [87, 88, 89, 90, 91, 92, 93, 94, 96, 98, 99, 100, 104, 105, 109], "excluded_lines": [], "start_line": 75}, "": {"executed_lines": [7, 8, 13, 18, 23, 28, 35, 40, 47, 54, 59, 68, 75, 78, 82, 102, 107], "summary": {"covered_lines": 17, "num_statements": 37, "percent_covered": 45.945945945945944, "percent_covered_display": "46", "missing_lines": 20, "excluded_lines": 0, "percent_statements_covered": 45.945945945945944, "percent_statements_covered_display": "46"}, "missing_lines": [15, 20, 25, 30, 31, 32, 37, 42, 43, 44, 49, 50, 51, 56, 61, 62, 63, 64, 65, 70], "excluded_lines": [], "start_line": 1}}}}, "totals": {"covered_lines": 19, "num_statements": 54, "percent_covered": 35.18518518518518, "percent_covered_display": "35", "missing_lines": 35, "excluded_lines": 0, "percent_statements_covered": 35.18518518518518, "percent_statements_covered_display": "35"}}